<?xml version="1.0" encoding="UTF-8"?>
<!-- Generated by org.testng.reporters.JUnitReportReporter -->
<testsuite skipped="0" hostname="macs-MBP" name="com.TestPackage.Recruitment_InsertCandidateDetails" tests="1" failures="0" timestamp="2023-06-18T12:28:11 WAT" time="76.959" errors="0">
  <testcase name="Recruitment_insertCandidateDetails" time="76.959" classname="com.TestPackage.Recruitment_InsertCandidateDetails"/>
  <system-out/>
</testsuite> <!-- com.TestPackage.Recruitment_InsertCandidateDetails -->
