<?xml version="1.0" encoding="UTF-8"?>
<!-- Generated by org.testng.reporters.JUnitReportReporter -->
<testsuite hostname="ENE" failures="0" tests="1" name="com.TestPackage.LoginPageTest" time="11.739" errors="0" timestamp="2022-10-11T20:26:27 WAT" skipped="0">
  <testcase classname="com.TestPackage.LoginPageTest" name="UserLogin" time="11.739"/>
  <system-out/>
</testsuite> <!-- com.TestPackage.LoginPageTest -->
